<?xml version="1.0" encoding="UTF-8"?>
<testsuite name="tasklist.CategoriaSpec" tests="1" skipped="0" failures="1" errors="0" timestamp="2015-08-07T05:13:19" hostname="diego-HP" time="0.161">
  <properties/>
  <testcase name="test something" classname="tasklist.CategoriaSpec" time="0.161">
    <failure message="Condition not satisfied:&#10;&#10;true == false&#10;     |&#10;     false&#10;" type="org.spockframework.runtime.SpockComparisonFailure">Condition not satisfied:

true == false
     |
     false

	at tasklist.CategoriaSpec.test something(CategoriaSpec.groovy:20)
</failure>
  </testcase>
  <system-out><![CDATA[]]></system-out>
  <system-err><![CDATA[]]></system-err>
</testsuite>
